Running closed_curated_traink_3_valk_1_p4
Config path: configs/_generated/kaggle_deduplication/closed_curated_traink_3_valk_1_p4.toml
Relative config: _generated/kaggle_deduplication/closed_curated_traink_3_valk_1_p4
Node: gx25
CUDA_VISIBLE_DEVICES=0
Mon Mar  9 17:12:04 2026       
+-----------------------------------------------------------------------------------------+
| NVIDIA-SMI 570.195.03             Driver Version: 570.195.03     CUDA Version: 12.8     |
|-----------------------------------------+------------------------+----------------------+
| GPU  Name                 Persistence-M | Bus-Id          Disp.A | Volatile Uncorr. ECC |
| Fan  Temp   Perf          Pwr:Usage/Cap |           Memory-Usage | GPU-Util  Compute M. |
|                                         |                        |               MIG M. |
|=========================================+========================+======================|
|   0  NVIDIA A100-SXM4-40GB          Off |   00000000:4C:00.0 Off |                    0 |
| N/A   39C    P0             59W /  400W |       0MiB /  40960MiB |      0%      Default |
|                                         |                        |             Disabled |
+-----------------------------------------+------------------------+----------------------+
                                                                                         
+-----------------------------------------------------------------------------------------+
| Processes:                                                                              |
|  GPU   GI   CI              PID   Type   Process name                        GPU Memory |
|        ID   ID                                                               Usage      |
|=========================================================================================|
|  No running processes found                                                             |
+-----------------------------------------------------------------------------------------+
cuda available: True
device count: 1
[Config] Found 1 CUDA device(s):
  - GPU 0: NVIDIA A100-SXM4-40GB (compute capability 8.0)
[Config] Using best compatible GPU 0: NVIDIA A100-SXM4-40GB

[RUN]
experiment_name: closed_curated_traink_3_valk_1_p4
run_dir: /sc/home/michele.marschner/project/jaguar_project/experiments/round_2/kaggle_deduplication/closed_curated_traink_3_valk_1_p4

[DATA] path:splits/strclosed_set__dupFalse__kTrain3__kVal1__p4/full_split.parquet
All random seeds set to 42 for reproducibility
[DEBUG] /sc/home/michele.marschner/project/jaguar_project/data/round_2/fiftyone/splits_curated
[DEBUG] /sc/home/michele.marschner/project/jaguar_project/data/round_2/fiftyone/splits_curated
[Info] Loading model EVA-02 on cuda:0...
Loading EVA-02 model...
[JaguarIDModelInfo] Training Identities: 31 | Train: 1340 | Val: 228
[Info] Validating and computing ReID metrics...

Epoch 1 Summary:
Train Loss: 17.8992 | Val mAP: 0.3645 | Val pairAP: 0.3208 | Val Rank1: 0.7851 | Val SimGap: 0.2172
[Info] Saved checkpoint: checkpoints/round_2/kaggle_deduplication/closed_curated_traink_3_valk_1_p4/best_model.pth
[Info] Saved config file: checkpoints/round_2/kaggle_deduplication/closed_curated_traink_3_valk_1_p4/config_leaderboard_exp.toml
[Info] Validating and computing ReID metrics...

Epoch 2 Summary:
Train Loss: 17.2202 | Val mAP: 0.3613 | Val pairAP: 0.3205 | Val Rank1: 0.7807 | Val SimGap: 0.2133
[Info] Validating and computing ReID metrics...

Epoch 3 Summary:
Train Loss: 16.4652 | Val mAP: 0.3622 | Val pairAP: 0.3248 | Val Rank1: 0.7851 | Val SimGap: 0.2144
[Info] Validating and computing ReID metrics...

Epoch 4 Summary:
Train Loss: 15.6573 | Val mAP: 0.3661 | Val pairAP: 0.3299 | Val Rank1: 0.7851 | Val SimGap: 0.2186
[Info] Saved checkpoint: checkpoints/round_2/kaggle_deduplication/closed_curated_traink_3_valk_1_p4/best_model.pth
[Info] Saved config file: checkpoints/round_2/kaggle_deduplication/closed_curated_traink_3_valk_1_p4/config_leaderboard_exp.toml
[Info] Validating and computing ReID metrics...

Epoch 5 Summary:
Train Loss: 15.1076 | Val mAP: 0.3688 | Val pairAP: 0.3356 | Val Rank1: 0.7851 | Val SimGap: 0.2251
[Info] Saved checkpoint: checkpoints/round_2/kaggle_deduplication/closed_curated_traink_3_valk_1_p4/best_model.pth
[Info] Saved config file: checkpoints/round_2/kaggle_deduplication/closed_curated_traink_3_valk_1_p4/config_leaderboard_exp.toml
[Info] Validating and computing ReID metrics...

Epoch 6 Summary:
Train Loss: 14.7252 | Val mAP: 0.3704 | Val pairAP: 0.3409 | Val Rank1: 0.7851 | Val SimGap: 0.2287
[Info] Saved checkpoint: checkpoints/round_2/kaggle_deduplication/closed_curated_traink_3_valk_1_p4/best_model.pth
[Info] Saved config file: checkpoints/round_2/kaggle_deduplication/closed_curated_traink_3_valk_1_p4/config_leaderboard_exp.toml
[Info] Validating and computing ReID metrics...

Epoch 7 Summary:
Train Loss: 14.4511 | Val mAP: 0.3729 | Val pairAP: 0.3437 | Val Rank1: 0.7895 | Val SimGap: 0.2305
[Info] Saved checkpoint: checkpoints/round_2/kaggle_deduplication/closed_curated_traink_3_valk_1_p4/best_model.pth
[Info] Saved config file: checkpoints/round_2/kaggle_deduplication/closed_curated_traink_3_valk_1_p4/config_leaderboard_exp.toml
[Info] Validating and computing ReID metrics...

Epoch 8 Summary:
Train Loss: 14.2688 | Val mAP: 0.3738 | Val pairAP: 0.3413 | Val Rank1: 0.7939 | Val SimGap: 0.2283
[Info] Saved checkpoint: checkpoints/round_2/kaggle_deduplication/closed_curated_traink_3_valk_1_p4/best_model.pth
[Info] Saved config file: checkpoints/round_2/kaggle_deduplication/closed_curated_traink_3_valk_1_p4/config_leaderboard_exp.toml
[Info] Validating and computing ReID metrics...

Epoch 9 Summary:
Train Loss: 14.0919 | Val mAP: 0.3745 | Val pairAP: 0.3425 | Val Rank1: 0.7895 | Val SimGap: 0.2316
[Info] Saved checkpoint: checkpoints/round_2/kaggle_deduplication/closed_curated_traink_3_valk_1_p4/best_model.pth
[Info] Saved config file: checkpoints/round_2/kaggle_deduplication/closed_curated_traink_3_valk_1_p4/config_leaderboard_exp.toml
[Info] Validating and computing ReID metrics...

Epoch 10 Summary:
Train Loss: 13.9987 | Val mAP: 0.3737 | Val pairAP: 0.3483 | Val Rank1: 0.7895 | Val SimGap: 0.2299
[Info] Validating and computing ReID metrics...

Epoch 11 Summary:
Train Loss: 13.9424 | Val mAP: 0.3763 | Val pairAP: 0.3542 | Val Rank1: 0.7895 | Val SimGap: 0.2352
[Info] Saved checkpoint: checkpoints/round_2/kaggle_deduplication/closed_curated_traink_3_valk_1_p4/best_model.pth
[Info] Saved config file: checkpoints/round_2/kaggle_deduplication/closed_curated_traink_3_valk_1_p4/config_leaderboard_exp.toml
[Info] Validating and computing ReID metrics...

Epoch 12 Summary:
Train Loss: 13.8105 | Val mAP: 0.3760 | Val pairAP: 0.3563 | Val Rank1: 0.7939 | Val SimGap: 0.2404
[Info] Validating and computing ReID metrics...

Epoch 13 Summary:
Train Loss: 13.7743 | Val mAP: 0.3754 | Val pairAP: 0.3521 | Val Rank1: 0.7939 | Val SimGap: 0.2325
[Info] Validating and computing ReID metrics...

Epoch 14 Summary:
Train Loss: 13.6772 | Val mAP: 0.3792 | Val pairAP: 0.3589 | Val Rank1: 0.7939 | Val SimGap: 0.2414
[Info] Saved checkpoint: checkpoints/round_2/kaggle_deduplication/closed_curated_traink_3_valk_1_p4/best_model.pth
[Info] Saved config file: checkpoints/round_2/kaggle_deduplication/closed_curated_traink_3_valk_1_p4/config_leaderboard_exp.toml
[Info] Validating and computing ReID metrics...

Epoch 15 Summary:
Train Loss: 13.7023 | Val mAP: 0.3792 | Val pairAP: 0.3598 | Val Rank1: 0.7895 | Val SimGap: 0.2400
[Info] Saved checkpoint: checkpoints/round_2/kaggle_deduplication/closed_curated_traink_3_valk_1_p4/best_model.pth
[Info] Saved config file: checkpoints/round_2/kaggle_deduplication/closed_curated_traink_3_valk_1_p4/config_leaderboard_exp.toml
[Info] Validating and computing ReID metrics...

Epoch 16 Summary:
Train Loss: 13.5755 | Val mAP: 0.3792 | Val pairAP: 0.3630 | Val Rank1: 0.7939 | Val SimGap: 0.2414
[Info] Validating and computing ReID metrics...

Epoch 17 Summary:
Train Loss: 13.4964 | Val mAP: 0.3789 | Val pairAP: 0.3619 | Val Rank1: 0.8026 | Val SimGap: 0.2399
[Info] Validating and computing ReID metrics...

Epoch 18 Summary:
Train Loss: 13.3567 | Val mAP: 0.3809 | Val pairAP: 0.3679 | Val Rank1: 0.7982 | Val SimGap: 0.2447
[Info] Saved checkpoint: checkpoints/round_2/kaggle_deduplication/closed_curated_traink_3_valk_1_p4/best_model.pth
[Info] Saved config file: checkpoints/round_2/kaggle_deduplication/closed_curated_traink_3_valk_1_p4/config_leaderboard_exp.toml
[Info] Validating and computing ReID metrics...

Epoch 19 Summary:
Train Loss: 13.3037 | Val mAP: 0.3831 | Val pairAP: 0.3673 | Val Rank1: 0.7982 | Val SimGap: 0.2433
[Info] Saved checkpoint: checkpoints/round_2/kaggle_deduplication/closed_curated_traink_3_valk_1_p4/best_model.pth
[Info] Saved config file: checkpoints/round_2/kaggle_deduplication/closed_curated_traink_3_valk_1_p4/config_leaderboard_exp.toml
[Info] Validating and computing ReID metrics...

Epoch 20 Summary:
Train Loss: 13.2001 | Val mAP: 0.3830 | Val pairAP: 0.3667 | Val Rank1: 0.7982 | Val SimGap: 0.2468
[Info] Validating and computing ReID metrics...

Epoch 21 Summary:
Train Loss: 13.2045 | Val mAP: 0.3813 | Val pairAP: 0.3652 | Val Rank1: 0.8026 | Val SimGap: 0.2415
[Info] Validating and computing ReID metrics...

Epoch 22 Summary:
Train Loss: 13.1609 | Val mAP: 0.3839 | Val pairAP: 0.3707 | Val Rank1: 0.8026 | Val SimGap: 0.2443
[Info] Saved checkpoint: checkpoints/round_2/kaggle_deduplication/closed_curated_traink_3_valk_1_p4/best_model.pth
[Info] Saved config file: checkpoints/round_2/kaggle_deduplication/closed_curated_traink_3_valk_1_p4/config_leaderboard_exp.toml
[Info] Validating and computing ReID metrics...

Epoch 23 Summary:
Train Loss: 13.0763 | Val mAP: 0.3826 | Val pairAP: 0.3649 | Val Rank1: 0.7939 | Val SimGap: 0.2386
[Info] Validating and computing ReID metrics...

Epoch 24 Summary:
Train Loss: 12.9897 | Val mAP: 0.3845 | Val pairAP: 0.3704 | Val Rank1: 0.7939 | Val SimGap: 0.2457
[Info] Saved checkpoint: checkpoints/round_2/kaggle_deduplication/closed_curated_traink_3_valk_1_p4/best_model.pth
[Info] Saved config file: checkpoints/round_2/kaggle_deduplication/closed_curated_traink_3_valk_1_p4/config_leaderboard_exp.toml
[Info] Validating and computing ReID metrics...

Epoch 25 Summary:
Train Loss: 12.9716 | Val mAP: 0.3864 | Val pairAP: 0.3768 | Val Rank1: 0.7982 | Val SimGap: 0.2507
[Info] Saved checkpoint: checkpoints/round_2/kaggle_deduplication/closed_curated_traink_3_valk_1_p4/best_model.pth
[Info] Saved config file: checkpoints/round_2/kaggle_deduplication/closed_curated_traink_3_valk_1_p4/config_leaderboard_exp.toml
[Info] Validating and computing ReID metrics...

Epoch 26 Summary:
Train Loss: 12.9426 | Val mAP: 0.3860 | Val pairAP: 0.3722 | Val Rank1: 0.8026 | Val SimGap: 0.2491
[Info] Validating and computing ReID metrics...

Epoch 27 Summary:
Train Loss: 12.7393 | Val mAP: 0.3861 | Val pairAP: 0.3755 | Val Rank1: 0.7939 | Val SimGap: 0.2502
[Info] Validating and computing ReID metrics...

Epoch 28 Summary:
Train Loss: 12.7427 | Val mAP: 0.3878 | Val pairAP: 0.3783 | Val Rank1: 0.7982 | Val SimGap: 0.2545
[Info] Saved checkpoint: checkpoints/round_2/kaggle_deduplication/closed_curated_traink_3_valk_1_p4/best_model.pth
[Info] Saved config file: checkpoints/round_2/kaggle_deduplication/closed_curated_traink_3_valk_1_p4/config_leaderboard_exp.toml
[Info] Validating and computing ReID metrics...

Epoch 29 Summary:
Train Loss: 12.7264 | Val mAP: 0.3878 | Val pairAP: 0.3836 | Val Rank1: 0.7982 | Val SimGap: 0.2499
[Info] Validating and computing ReID metrics...

Epoch 30 Summary:
Train Loss: 12.6487 | Val mAP: 0.3888 | Val pairAP: 0.3848 | Val Rank1: 0.7939 | Val SimGap: 0.2564
[Info] Saved checkpoint: checkpoints/round_2/kaggle_deduplication/closed_curated_traink_3_valk_1_p4/best_model.pth
[Info] Saved config file: checkpoints/round_2/kaggle_deduplication/closed_curated_traink_3_valk_1_p4/config_leaderboard_exp.toml
