Running closed_keep_all
Config path: configs/_generated/kaggle_deduplication/closed_keep_all.toml
Relative config: _generated/kaggle_deduplication/closed_keep_all
Node: gx28
CUDA_VISIBLE_DEVICES=0
Mon Mar  9 17:12:04 2026       
+-----------------------------------------------------------------------------------------+
| NVIDIA-SMI 570.195.03             Driver Version: 570.195.03     CUDA Version: 12.8     |
|-----------------------------------------+------------------------+----------------------+
| GPU  Name                 Persistence-M | Bus-Id          Disp.A | Volatile Uncorr. ECC |
| Fan  Temp   Perf          Pwr:Usage/Cap |           Memory-Usage | GPU-Util  Compute M. |
|                                         |                        |               MIG M. |
|=========================================+========================+======================|
|   0  NVIDIA A100-SXM4-40GB          Off |   00000000:C1:00.0 Off |                    0 |
| N/A   30C    P0             55W /  400W |       0MiB /  40960MiB |      0%      Default |
|                                         |                        |             Disabled |
+-----------------------------------------+------------------------+----------------------+
                                                                                         
+-----------------------------------------------------------------------------------------+
| Processes:                                                                              |
|  GPU   GI   CI              PID   Type   Process name                        GPU Memory |
|        ID   ID                                                               Usage      |
|=========================================================================================|
|  No running processes found                                                             |
+-----------------------------------------------------------------------------------------+
cuda available: True
device count: 1
[Config] Found 1 CUDA device(s):
  - GPU 0: NVIDIA A100-SXM4-40GB (compute capability 8.0)
[Config] Using best compatible GPU 0: NVIDIA A100-SXM4-40GB

[RUN]
experiment_name: closed_keep_all
run_dir: /sc/home/michele.marschner/project/jaguar_project/experiments/round_2/kaggle_deduplication/closed_keep_all

[DATA] path:splits/strclosed_set__dupTrue__kTrain1__kVal50__p4/full_split.parquet
All random seeds set to 42 for reproducibility
[DEBUG] /sc/home/michele.marschner/project/jaguar_project/data/round_2/fiftyone/splits_curated
[DEBUG] /sc/home/michele.marschner/project/jaguar_project/data/round_2/fiftyone/splits_curated
[Info] Loading model EVA-02 on cuda:0...
Loading EVA-02 model...
[JaguarIDModelInfo] Training Identities: 31 | Train: 1567 | Val: 328
[Info] Validating and computing ReID metrics...

Epoch 1 Summary:
Train Loss: 17.8404 | Val mAP: 0.4109 | Val pairAP: 0.4071 | Val Rank1: 0.8841 | Val SimGap: 0.2817
[Info] Saved checkpoint: checkpoints/round_2/kaggle_deduplication/closed_keep_all/best_model.pth
[Info] Saved config file: checkpoints/round_2/kaggle_deduplication/closed_keep_all/config_leaderboard_exp.toml
[Info] Validating and computing ReID metrics...

Epoch 2 Summary:
Train Loss: 16.9495 | Val mAP: 0.4120 | Val pairAP: 0.4105 | Val Rank1: 0.8841 | Val SimGap: 0.2810
[Info] Saved checkpoint: checkpoints/round_2/kaggle_deduplication/closed_keep_all/best_model.pth
[Info] Saved config file: checkpoints/round_2/kaggle_deduplication/closed_keep_all/config_leaderboard_exp.toml
[Info] Validating and computing ReID metrics...

Epoch 3 Summary:
Train Loss: 15.9159 | Val mAP: 0.4145 | Val pairAP: 0.4173 | Val Rank1: 0.8872 | Val SimGap: 0.2828
[Info] Saved checkpoint: checkpoints/round_2/kaggle_deduplication/closed_keep_all/best_model.pth
[Info] Saved config file: checkpoints/round_2/kaggle_deduplication/closed_keep_all/config_leaderboard_exp.toml
[Info] Validating and computing ReID metrics...

Epoch 4 Summary:
Train Loss: 14.9138 | Val mAP: 0.4185 | Val pairAP: 0.4260 | Val Rank1: 0.8841 | Val SimGap: 0.2996
[Info] Saved checkpoint: checkpoints/round_2/kaggle_deduplication/closed_keep_all/best_model.pth
[Info] Saved config file: checkpoints/round_2/kaggle_deduplication/closed_keep_all/config_leaderboard_exp.toml
[Info] Validating and computing ReID metrics...

Epoch 5 Summary:
Train Loss: 14.2044 | Val mAP: 0.4208 | Val pairAP: 0.4298 | Val Rank1: 0.8872 | Val SimGap: 0.2974
[Info] Saved checkpoint: checkpoints/round_2/kaggle_deduplication/closed_keep_all/best_model.pth
[Info] Saved config file: checkpoints/round_2/kaggle_deduplication/closed_keep_all/config_leaderboard_exp.toml
[Info] Validating and computing ReID metrics...

Epoch 6 Summary:
Train Loss: 13.7213 | Val mAP: 0.4179 | Val pairAP: 0.4292 | Val Rank1: 0.8811 | Val SimGap: 0.2971
[Info] Validating and computing ReID metrics...

Epoch 7 Summary:
Train Loss: 13.3408 | Val mAP: 0.4249 | Val pairAP: 0.4406 | Val Rank1: 0.8872 | Val SimGap: 0.3068
[Info] Saved checkpoint: checkpoints/round_2/kaggle_deduplication/closed_keep_all/best_model.pth
[Info] Saved config file: checkpoints/round_2/kaggle_deduplication/closed_keep_all/config_leaderboard_exp.toml
[Info] Validating and computing ReID metrics...

Epoch 8 Summary:
Train Loss: 13.0676 | Val mAP: 0.4266 | Val pairAP: 0.4436 | Val Rank1: 0.8872 | Val SimGap: 0.3133
[Info] Saved checkpoint: checkpoints/round_2/kaggle_deduplication/closed_keep_all/best_model.pth
[Info] Saved config file: checkpoints/round_2/kaggle_deduplication/closed_keep_all/config_leaderboard_exp.toml
[Info] Validating and computing ReID metrics...

Epoch 9 Summary:
Train Loss: 12.8720 | Val mAP: 0.4281 | Val pairAP: 0.4444 | Val Rank1: 0.8841 | Val SimGap: 0.3159
[Info] Saved checkpoint: checkpoints/round_2/kaggle_deduplication/closed_keep_all/best_model.pth
[Info] Saved config file: checkpoints/round_2/kaggle_deduplication/closed_keep_all/config_leaderboard_exp.toml
[Info] Validating and computing ReID metrics...

Epoch 10 Summary:
Train Loss: 12.6396 | Val mAP: 0.4281 | Val pairAP: 0.4451 | Val Rank1: 0.8841 | Val SimGap: 0.3129
[Info] Saved checkpoint: checkpoints/round_2/kaggle_deduplication/closed_keep_all/best_model.pth
[Info] Saved config file: checkpoints/round_2/kaggle_deduplication/closed_keep_all/config_leaderboard_exp.toml
[Info] Validating and computing ReID metrics...

Epoch 11 Summary:
Train Loss: 12.6865 | Val mAP: 0.4286 | Val pairAP: 0.4437 | Val Rank1: 0.8872 | Val SimGap: 0.3123
[Info] Saved checkpoint: checkpoints/round_2/kaggle_deduplication/closed_keep_all/best_model.pth
[Info] Saved config file: checkpoints/round_2/kaggle_deduplication/closed_keep_all/config_leaderboard_exp.toml
[Info] Validating and computing ReID metrics...

Epoch 12 Summary:
Train Loss: 12.5144 | Val mAP: 0.4289 | Val pairAP: 0.4559 | Val Rank1: 0.8872 | Val SimGap: 0.3171
[Info] Saved checkpoint: checkpoints/round_2/kaggle_deduplication/closed_keep_all/best_model.pth
[Info] Saved config file: checkpoints/round_2/kaggle_deduplication/closed_keep_all/config_leaderboard_exp.toml
[Info] Validating and computing ReID metrics...

Epoch 13 Summary:
Train Loss: 12.3702 | Val mAP: 0.4274 | Val pairAP: 0.4569 | Val Rank1: 0.8841 | Val SimGap: 0.3169
[Info] Validating and computing ReID metrics...

Epoch 14 Summary:
Train Loss: 12.2879 | Val mAP: 0.4316 | Val pairAP: 0.4582 | Val Rank1: 0.8902 | Val SimGap: 0.3177
[Info] Saved checkpoint: checkpoints/round_2/kaggle_deduplication/closed_keep_all/best_model.pth
[Info] Saved config file: checkpoints/round_2/kaggle_deduplication/closed_keep_all/config_leaderboard_exp.toml
[Info] Validating and computing ReID metrics...

Epoch 15 Summary:
Train Loss: 12.2573 | Val mAP: 0.4324 | Val pairAP: 0.4555 | Val Rank1: 0.8902 | Val SimGap: 0.3162
[Info] Saved checkpoint: checkpoints/round_2/kaggle_deduplication/closed_keep_all/best_model.pth
[Info] Saved config file: checkpoints/round_2/kaggle_deduplication/closed_keep_all/config_leaderboard_exp.toml
[Info] Validating and computing ReID metrics...

Epoch 16 Summary:
Train Loss: 12.1751 | Val mAP: 0.4339 | Val pairAP: 0.4635 | Val Rank1: 0.8872 | Val SimGap: 0.3247
[Info] Saved checkpoint: checkpoints/round_2/kaggle_deduplication/closed_keep_all/best_model.pth
[Info] Saved config file: checkpoints/round_2/kaggle_deduplication/closed_keep_all/config_leaderboard_exp.toml
[Info] Validating and computing ReID metrics...

Epoch 17 Summary:
Train Loss: 12.0719 | Val mAP: 0.4355 | Val pairAP: 0.4675 | Val Rank1: 0.8902 | Val SimGap: 0.3264
[Info] Saved checkpoint: checkpoints/round_2/kaggle_deduplication/closed_keep_all/best_model.pth
[Info] Saved config file: checkpoints/round_2/kaggle_deduplication/closed_keep_all/config_leaderboard_exp.toml
[Info] Validating and computing ReID metrics...

Epoch 18 Summary:
Train Loss: 12.0066 | Val mAP: 0.4354 | Val pairAP: 0.4659 | Val Rank1: 0.8902 | Val SimGap: 0.3267
[Info] Validating and computing ReID metrics...

Epoch 19 Summary:
Train Loss: 11.8950 | Val mAP: 0.4371 | Val pairAP: 0.4675 | Val Rank1: 0.8872 | Val SimGap: 0.3277
[Info] Saved checkpoint: checkpoints/round_2/kaggle_deduplication/closed_keep_all/best_model.pth
[Info] Saved config file: checkpoints/round_2/kaggle_deduplication/closed_keep_all/config_leaderboard_exp.toml
[Info] Validating and computing ReID metrics...

Epoch 20 Summary:
Train Loss: 11.8473 | Val mAP: 0.4373 | Val pairAP: 0.4675 | Val Rank1: 0.8902 | Val SimGap: 0.3269
[Info] Saved checkpoint: checkpoints/round_2/kaggle_deduplication/closed_keep_all/best_model.pth
[Info] Saved config file: checkpoints/round_2/kaggle_deduplication/closed_keep_all/config_leaderboard_exp.toml
[Info] Validating and computing ReID metrics...

Epoch 21 Summary:
Train Loss: 11.8027 | Val mAP: 0.4368 | Val pairAP: 0.4681 | Val Rank1: 0.8902 | Val SimGap: 0.3256
[Info] Validating and computing ReID metrics...

Epoch 22 Summary:
Train Loss: 11.6133 | Val mAP: 0.4387 | Val pairAP: 0.4730 | Val Rank1: 0.8902 | Val SimGap: 0.3260
[Info] Saved checkpoint: checkpoints/round_2/kaggle_deduplication/closed_keep_all/best_model.pth
[Info] Saved config file: checkpoints/round_2/kaggle_deduplication/closed_keep_all/config_leaderboard_exp.toml
[Info] Validating and computing ReID metrics...

Epoch 23 Summary:
Train Loss: 11.5969 | Val mAP: 0.4408 | Val pairAP: 0.4750 | Val Rank1: 0.8902 | Val SimGap: 0.3288
[Info] Saved checkpoint: checkpoints/round_2/kaggle_deduplication/closed_keep_all/best_model.pth
[Info] Saved config file: checkpoints/round_2/kaggle_deduplication/closed_keep_all/config_leaderboard_exp.toml
[Info] Validating and computing ReID metrics...

Epoch 24 Summary:
Train Loss: 11.5510 | Val mAP: 0.4411 | Val pairAP: 0.4755 | Val Rank1: 0.8933 | Val SimGap: 0.3345
[Info] Saved checkpoint: checkpoints/round_2/kaggle_deduplication/closed_keep_all/best_model.pth
[Info] Saved config file: checkpoints/round_2/kaggle_deduplication/closed_keep_all/config_leaderboard_exp.toml
[Info] Validating and computing ReID metrics...

Epoch 25 Summary:
Train Loss: 11.4693 | Val mAP: 0.4419 | Val pairAP: 0.4826 | Val Rank1: 0.8933 | Val SimGap: 0.3378
[Info] Saved checkpoint: checkpoints/round_2/kaggle_deduplication/closed_keep_all/best_model.pth
[Info] Saved config file: checkpoints/round_2/kaggle_deduplication/closed_keep_all/config_leaderboard_exp.toml
[Info] Validating and computing ReID metrics...

Epoch 26 Summary:
Train Loss: 11.3869 | Val mAP: 0.4418 | Val pairAP: 0.4769 | Val Rank1: 0.8933 | Val SimGap: 0.3317
[Info] Validating and computing ReID metrics...

Epoch 27 Summary:
Train Loss: 11.3056 | Val mAP: 0.4422 | Val pairAP: 0.4784 | Val Rank1: 0.8902 | Val SimGap: 0.3335
[Info] Saved checkpoint: checkpoints/round_2/kaggle_deduplication/closed_keep_all/best_model.pth
[Info] Saved config file: checkpoints/round_2/kaggle_deduplication/closed_keep_all/config_leaderboard_exp.toml
[Info] Validating and computing ReID metrics...

Epoch 28 Summary:
Train Loss: 11.2667 | Val mAP: 0.4444 | Val pairAP: 0.4828 | Val Rank1: 0.8902 | Val SimGap: 0.3363
[Info] Saved checkpoint: checkpoints/round_2/kaggle_deduplication/closed_keep_all/best_model.pth
[Info] Saved config file: checkpoints/round_2/kaggle_deduplication/closed_keep_all/config_leaderboard_exp.toml
[Info] Validating and computing ReID metrics...

Epoch 29 Summary:
Train Loss: 11.0875 | Val mAP: 0.4442 | Val pairAP: 0.4868 | Val Rank1: 0.8963 | Val SimGap: 0.3364
[Info] Validating and computing ReID metrics...

Epoch 30 Summary:
Train Loss: 11.1511 | Val mAP: 0.4446 | Val pairAP: 0.4813 | Val Rank1: 0.8933 | Val SimGap: 0.3327
[Info] Saved checkpoint: checkpoints/round_2/kaggle_deduplication/closed_keep_all/best_model.pth
[Info] Saved config file: checkpoints/round_2/kaggle_deduplication/closed_keep_all/config_leaderboard_exp.toml
