Running closed_curated_traink_1_valk_1_p4
Config path: configs/_generated/kaggle_deduplication/closed_curated_traink_1_valk_1_p4.toml
Relative config: _generated/kaggle_deduplication/closed_curated_traink_1_valk_1_p4
Node: gx31
CUDA_VISIBLE_DEVICES=0
Mon Mar  9 17:12:04 2026       
+-----------------------------------------------------------------------------------------+
| NVIDIA-SMI 570.195.03             Driver Version: 570.195.03     CUDA Version: 12.8     |
|-----------------------------------------+------------------------+----------------------+
| GPU  Name                 Persistence-M | Bus-Id          Disp.A | Volatile Uncorr. ECC |
| Fan  Temp   Perf          Pwr:Usage/Cap |           Memory-Usage | GPU-Util  Compute M. |
|                                         |                        |               MIG M. |
|=========================================+========================+======================|
|   0  NVIDIA RTX PRO 6000 Blac...    Off |   00000001:B0:00.0 Off |                    0 |
| N/A   29C    P8             30W /  600W |       0MiB /  97887MiB |      0%      Default |
|                                         |                        |             Disabled |
+-----------------------------------------+------------------------+----------------------+
                                                                                         
+-----------------------------------------------------------------------------------------+
| Processes:                                                                              |
|  GPU   GI   CI              PID   Type   Process name                        GPU Memory |
|        ID   ID                                                               Usage      |
|=========================================================================================|
|  No running processes found                                                             |
+-----------------------------------------------------------------------------------------+
cuda available: True
device count: 1
[Config] Found 1 CUDA device(s):
  - GPU 0: NVIDIA RTX PRO 6000 Blackwell Server Edition (compute capability 12.0)
[Config] Using preferred GPU 0: NVIDIA RTX PRO 6000 Blackwell Server Edition

[RUN]
experiment_name: closed_curated_traink_1_valk_1_p4
run_dir: /sc/home/michele.marschner/project/jaguar_project/experiments/round_2/kaggle_deduplication/closed_curated_traink_1_valk_1_p4

[DATA] path:splits/strclosed_set__dupFalse__kTrain1__kVal1__p4/full_split.parquet
All random seeds set to 42 for reproducibility
[DEBUG] /sc/home/michele.marschner/project/jaguar_project/data/round_2/fiftyone/splits_curated
[DEBUG] /sc/home/michele.marschner/project/jaguar_project/data/round_2/fiftyone/splits_curated
[Info] Loading model EVA-02 on cuda:0...
Loading EVA-02 model...
[JaguarIDModelInfo] Training Identities: 31 | Train: 994 | Val: 228
[Info] Validating and computing ReID metrics...

Epoch 1 Summary:
Train Loss: 18.0165 | Val mAP: 0.3569 | Val pairAP: 0.3183 | Val Rank1: 0.7851 | Val SimGap: 0.2077
[Info] Saved checkpoint: checkpoints/round_2/kaggle_deduplication/closed_curated_traink_1_valk_1_p4/best_model.pth
[Info] Saved config file: checkpoints/round_2/kaggle_deduplication/closed_curated_traink_1_valk_1_p4/config_leaderboard_exp.toml
[Info] Validating and computing ReID metrics...

Epoch 2 Summary:
Train Loss: 17.5505 | Val mAP: 0.3570 | Val pairAP: 0.3117 | Val Rank1: 0.7895 | Val SimGap: 0.2064
[Info] Saved checkpoint: checkpoints/round_2/kaggle_deduplication/closed_curated_traink_1_valk_1_p4/best_model.pth
[Info] Saved config file: checkpoints/round_2/kaggle_deduplication/closed_curated_traink_1_valk_1_p4/config_leaderboard_exp.toml
[Info] Validating and computing ReID metrics...

Epoch 3 Summary:
Train Loss: 16.9800 | Val mAP: 0.3599 | Val pairAP: 0.3150 | Val Rank1: 0.7939 | Val SimGap: 0.2115
[Info] Saved checkpoint: checkpoints/round_2/kaggle_deduplication/closed_curated_traink_1_valk_1_p4/best_model.pth
[Info] Saved config file: checkpoints/round_2/kaggle_deduplication/closed_curated_traink_1_valk_1_p4/config_leaderboard_exp.toml
[Info] Validating and computing ReID metrics...

Epoch 4 Summary:
Train Loss: 16.4768 | Val mAP: 0.3620 | Val pairAP: 0.3244 | Val Rank1: 0.7895 | Val SimGap: 0.2144
[Info] Saved checkpoint: checkpoints/round_2/kaggle_deduplication/closed_curated_traink_1_valk_1_p4/best_model.pth
[Info] Saved config file: checkpoints/round_2/kaggle_deduplication/closed_curated_traink_1_valk_1_p4/config_leaderboard_exp.toml
[Info] Validating and computing ReID metrics...

Epoch 5 Summary:
Train Loss: 16.0435 | Val mAP: 0.3614 | Val pairAP: 0.3231 | Val Rank1: 0.7895 | Val SimGap: 0.2135
[Info] Validating and computing ReID metrics...

Epoch 6 Summary:
Train Loss: 15.7768 | Val mAP: 0.3593 | Val pairAP: 0.3163 | Val Rank1: 0.7851 | Val SimGap: 0.2041
[Info] Validating and computing ReID metrics...

Epoch 7 Summary:
Train Loss: 15.5366 | Val mAP: 0.3667 | Val pairAP: 0.3297 | Val Rank1: 0.7895 | Val SimGap: 0.2241
[Info] Saved checkpoint: checkpoints/round_2/kaggle_deduplication/closed_curated_traink_1_valk_1_p4/best_model.pth
[Info] Saved config file: checkpoints/round_2/kaggle_deduplication/closed_curated_traink_1_valk_1_p4/config_leaderboard_exp.toml
[Info] Validating and computing ReID metrics...

Epoch 8 Summary:
Train Loss: 15.4596 | Val mAP: 0.3643 | Val pairAP: 0.3281 | Val Rank1: 0.7851 | Val SimGap: 0.2230
[Info] Validating and computing ReID metrics...

Epoch 9 Summary:
Train Loss: 15.2622 | Val mAP: 0.3655 | Val pairAP: 0.3321 | Val Rank1: 0.7895 | Val SimGap: 0.2264
[Info] Validating and computing ReID metrics...

Epoch 10 Summary:
Train Loss: 15.1903 | Val mAP: 0.3700 | Val pairAP: 0.3401 | Val Rank1: 0.7851 | Val SimGap: 0.2302
[Info] Saved checkpoint: checkpoints/round_2/kaggle_deduplication/closed_curated_traink_1_valk_1_p4/best_model.pth
[Info] Saved config file: checkpoints/round_2/kaggle_deduplication/closed_curated_traink_1_valk_1_p4/config_leaderboard_exp.toml
[Info] Validating and computing ReID metrics...

Epoch 11 Summary:
Train Loss: 15.2080 | Val mAP: 0.3655 | Val pairAP: 0.3310 | Val Rank1: 0.7939 | Val SimGap: 0.2211
[Info] Validating and computing ReID metrics...

Epoch 12 Summary:
Train Loss: 15.1415 | Val mAP: 0.3681 | Val pairAP: 0.3354 | Val Rank1: 0.7895 | Val SimGap: 0.2271
[Info] Validating and computing ReID metrics...

Epoch 13 Summary:
Train Loss: 15.1161 | Val mAP: 0.3653 | Val pairAP: 0.3342 | Val Rank1: 0.7895 | Val SimGap: 0.2278
[Info] Validating and computing ReID metrics...

Epoch 14 Summary:
Train Loss: 15.0043 | Val mAP: 0.3665 | Val pairAP: 0.3332 | Val Rank1: 0.7895 | Val SimGap: 0.2212
[Info] Validating and computing ReID metrics...

Epoch 15 Summary:
Train Loss: 15.0129 | Val mAP: 0.3667 | Val pairAP: 0.3344 | Val Rank1: 0.7895 | Val SimGap: 0.2194

Early stopping triggered after 15 epochs.
