Running closed_curated_traink_1_valk_50_p4
Config path: configs/_generated/kaggle_deduplication/closed_curated_traink_1_valk_50_p4.toml
Relative config: _generated/kaggle_deduplication/closed_curated_traink_1_valk_50_p4
Node: gx25
CUDA_VISIBLE_DEVICES=0
Mon Mar  9 17:12:04 2026       
+-----------------------------------------------------------------------------------------+
| NVIDIA-SMI 570.195.03             Driver Version: 570.195.03     CUDA Version: 12.8     |
|-----------------------------------------+------------------------+----------------------+
| GPU  Name                 Persistence-M | Bus-Id          Disp.A | Volatile Uncorr. ECC |
| Fan  Temp   Perf          Pwr:Usage/Cap |           Memory-Usage | GPU-Util  Compute M. |
|                                         |                        |               MIG M. |
|=========================================+========================+======================|
|   0  NVIDIA A100-SXM4-40GB          Off |   00000000:8A:00.0 Off |                    0 |
| N/A   30C    P0             56W /  400W |       0MiB /  40960MiB |      0%      Default |
|                                         |                        |             Disabled |
+-----------------------------------------+------------------------+----------------------+
                                                                                         
+-----------------------------------------------------------------------------------------+
| Processes:                                                                              |
|  GPU   GI   CI              PID   Type   Process name                        GPU Memory |
|        ID   ID                                                               Usage      |
|=========================================================================================|
|  No running processes found                                                             |
+-----------------------------------------------------------------------------------------+
cuda available: True
device count: 1
[Config] Found 1 CUDA device(s):
  - GPU 0: NVIDIA A100-SXM4-40GB (compute capability 8.0)
[Config] Using best compatible GPU 0: NVIDIA A100-SXM4-40GB

[RUN]
experiment_name: closed_curated_traink_1_valk_50_p4
run_dir: /sc/home/michele.marschner/project/jaguar_project/experiments/round_2/kaggle_deduplication/closed_curated_traink_1_valk_50_p4

[DATA] path:splits/strclosed_set__dupFalse__kTrain1__kVal50__p4/full_split.parquet
All random seeds set to 42 for reproducibility
[DEBUG] /sc/home/michele.marschner/project/jaguar_project/data/round_2/fiftyone/splits_curated
[DEBUG] /sc/home/michele.marschner/project/jaguar_project/data/round_2/fiftyone/splits_curated
[Info] Loading model EVA-02 on cuda:0...
Loading EVA-02 model...
[JaguarIDModelInfo] Training Identities: 31 | Train: 994 | Val: 328
[Info] Validating and computing ReID metrics...

Epoch 1 Summary:
Train Loss: 18.0163 | Val mAP: 0.4086 | Val pairAP: 0.4059 | Val Rank1: 0.8841 | Val SimGap: 0.2741
[Info] Saved checkpoint: checkpoints/round_2/kaggle_deduplication/closed_curated_traink_1_valk_50_p4/best_model.pth
[Info] Saved config file: checkpoints/round_2/kaggle_deduplication/closed_curated_traink_1_valk_50_p4/config_leaderboard_exp.toml
[Info] Validating and computing ReID metrics...

Epoch 2 Summary:
Train Loss: 17.5506 | Val mAP: 0.4040 | Val pairAP: 0.3974 | Val Rank1: 0.8811 | Val SimGap: 0.2715
[Info] Validating and computing ReID metrics...

Epoch 3 Summary:
Train Loss: 16.9798 | Val mAP: 0.4097 | Val pairAP: 0.3979 | Val Rank1: 0.8872 | Val SimGap: 0.2757
[Info] Saved checkpoint: checkpoints/round_2/kaggle_deduplication/closed_curated_traink_1_valk_50_p4/best_model.pth
[Info] Saved config file: checkpoints/round_2/kaggle_deduplication/closed_curated_traink_1_valk_50_p4/config_leaderboard_exp.toml
[Info] Validating and computing ReID metrics...

Epoch 4 Summary:
Train Loss: 16.4767 | Val mAP: 0.4121 | Val pairAP: 0.4102 | Val Rank1: 0.8872 | Val SimGap: 0.2816
[Info] Saved checkpoint: checkpoints/round_2/kaggle_deduplication/closed_curated_traink_1_valk_50_p4/best_model.pth
[Info] Saved config file: checkpoints/round_2/kaggle_deduplication/closed_curated_traink_1_valk_50_p4/config_leaderboard_exp.toml
[Info] Validating and computing ReID metrics...

Epoch 5 Summary:
Train Loss: 16.0435 | Val mAP: 0.4118 | Val pairAP: 0.4109 | Val Rank1: 0.8872 | Val SimGap: 0.2780
[Info] Validating and computing ReID metrics...

Epoch 6 Summary:
Train Loss: 15.7771 | Val mAP: 0.4064 | Val pairAP: 0.4028 | Val Rank1: 0.8811 | Val SimGap: 0.2660
[Info] Validating and computing ReID metrics...

Epoch 7 Summary:
Train Loss: 15.5368 | Val mAP: 0.4161 | Val pairAP: 0.4145 | Val Rank1: 0.8872 | Val SimGap: 0.2919
[Info] Saved checkpoint: checkpoints/round_2/kaggle_deduplication/closed_curated_traink_1_valk_50_p4/best_model.pth
[Info] Saved config file: checkpoints/round_2/kaggle_deduplication/closed_curated_traink_1_valk_50_p4/config_leaderboard_exp.toml
[Info] Validating and computing ReID metrics...

Epoch 8 Summary:
Train Loss: 15.4599 | Val mAP: 0.4137 | Val pairAP: 0.4120 | Val Rank1: 0.8841 | Val SimGap: 0.2901
[Info] Validating and computing ReID metrics...

Epoch 9 Summary:
Train Loss: 15.2624 | Val mAP: 0.4152 | Val pairAP: 0.4169 | Val Rank1: 0.8872 | Val SimGap: 0.2951
[Info] Validating and computing ReID metrics...

Epoch 10 Summary:
Train Loss: 15.1904 | Val mAP: 0.4179 | Val pairAP: 0.4248 | Val Rank1: 0.8841 | Val SimGap: 0.2993
[Info] Saved checkpoint: checkpoints/round_2/kaggle_deduplication/closed_curated_traink_1_valk_50_p4/best_model.pth
[Info] Saved config file: checkpoints/round_2/kaggle_deduplication/closed_curated_traink_1_valk_50_p4/config_leaderboard_exp.toml
[Info] Validating and computing ReID metrics...

Epoch 11 Summary:
Train Loss: 15.2084 | Val mAP: 0.4149 | Val pairAP: 0.4138 | Val Rank1: 0.8872 | Val SimGap: 0.2874
[Info] Validating and computing ReID metrics...

Epoch 12 Summary:
Train Loss: 15.1416 | Val mAP: 0.4173 | Val pairAP: 0.4187 | Val Rank1: 0.8872 | Val SimGap: 0.2950
[Info] Validating and computing ReID metrics...

Epoch 13 Summary:
Train Loss: 15.1163 | Val mAP: 0.4115 | Val pairAP: 0.4173 | Val Rank1: 0.8841 | Val SimGap: 0.2918
[Info] Validating and computing ReID metrics...

Epoch 14 Summary:
Train Loss: 15.0044 | Val mAP: 0.4114 | Val pairAP: 0.4157 | Val Rank1: 0.8841 | Val SimGap: 0.2865
[Info] Validating and computing ReID metrics...

Epoch 15 Summary:
Train Loss: 15.0134 | Val mAP: 0.4118 | Val pairAP: 0.4198 | Val Rank1: 0.8841 | Val SimGap: 0.2838

Early stopping triggered after 15 epochs.
