Running closed_curated_traink_3_valk_3_p4
Config path: configs/_generated/kaggle_deduplication/closed_curated_traink_3_valk_3_p4.toml
Relative config: _generated/kaggle_deduplication/closed_curated_traink_3_valk_3_p4
Node: gx28
CUDA_VISIBLE_DEVICES=0
Mon Mar  9 17:12:04 2026       
+-----------------------------------------------------------------------------------------+
| NVIDIA-SMI 570.195.03             Driver Version: 570.195.03     CUDA Version: 12.8     |
|-----------------------------------------+------------------------+----------------------+
| GPU  Name                 Persistence-M | Bus-Id          Disp.A | Volatile Uncorr. ECC |
| Fan  Temp   Perf          Pwr:Usage/Cap |           Memory-Usage | GPU-Util  Compute M. |
|                                         |                        |               MIG M. |
|=========================================+========================+======================|
|   0  NVIDIA A100-SXM4-40GB          Off |   00000000:81:00.0 Off |                    0 |
| N/A   30C    P0             57W /  400W |       0MiB /  40960MiB |      0%      Default |
|                                         |                        |             Disabled |
+-----------------------------------------+------------------------+----------------------+
                                                                                         
+-----------------------------------------------------------------------------------------+
| Processes:                                                                              |
|  GPU   GI   CI              PID   Type   Process name                        GPU Memory |
|        ID   ID                                                               Usage      |
|=========================================================================================|
|  No running processes found                                                             |
+-----------------------------------------------------------------------------------------+
cuda available: True
device count: 1
[Config] Found 1 CUDA device(s):
  - GPU 0: NVIDIA A100-SXM4-40GB (compute capability 8.0)
[Config] Using best compatible GPU 0: NVIDIA A100-SXM4-40GB

[RUN]
experiment_name: closed_curated_traink_3_valk_3_p4
run_dir: /sc/home/michele.marschner/project/jaguar_project/experiments/round_2/kaggle_deduplication/closed_curated_traink_3_valk_3_p4

[DATA] path:splits/strclosed_set__dupFalse__kTrain3__kVal3__p4/full_split.parquet
All random seeds set to 42 for reproducibility
[DEBUG] /sc/home/michele.marschner/project/jaguar_project/data/round_2/fiftyone/splits_curated
[DEBUG] /sc/home/michele.marschner/project/jaguar_project/data/round_2/fiftyone/splits_curated
[Info] Loading model EVA-02 on cuda:0...
Loading EVA-02 model...
[JaguarIDModelInfo] Training Identities: 31 | Train: 1340 | Val: 294
[Info] Validating and computing ReID metrics...

Epoch 1 Summary:
Train Loss: 17.8992 | Val mAP: 0.4004 | Val pairAP: 0.3539 | Val Rank1: 0.8707 | Val SimGap: 0.2439
[Info] Saved checkpoint: checkpoints/round_2/kaggle_deduplication/closed_curated_traink_3_valk_3_p4/best_model.pth
[Info] Saved config file: checkpoints/round_2/kaggle_deduplication/closed_curated_traink_3_valk_3_p4/config_leaderboard_exp.toml
[Info] Validating and computing ReID metrics...

Epoch 2 Summary:
Train Loss: 17.2202 | Val mAP: 0.3974 | Val pairAP: 0.3537 | Val Rank1: 0.8673 | Val SimGap: 0.2388
[Info] Validating and computing ReID metrics...

Epoch 3 Summary:
Train Loss: 16.4652 | Val mAP: 0.3987 | Val pairAP: 0.3578 | Val Rank1: 0.8707 | Val SimGap: 0.2389
[Info] Validating and computing ReID metrics...

Epoch 4 Summary:
Train Loss: 15.6573 | Val mAP: 0.4016 | Val pairAP: 0.3631 | Val Rank1: 0.8707 | Val SimGap: 0.2445
[Info] Saved checkpoint: checkpoints/round_2/kaggle_deduplication/closed_curated_traink_3_valk_3_p4/best_model.pth
[Info] Saved config file: checkpoints/round_2/kaggle_deduplication/closed_curated_traink_3_valk_3_p4/config_leaderboard_exp.toml
[Info] Validating and computing ReID metrics...

Epoch 5 Summary:
Train Loss: 15.1076 | Val mAP: 0.4039 | Val pairAP: 0.3690 | Val Rank1: 0.8707 | Val SimGap: 0.2514
[Info] Saved checkpoint: checkpoints/round_2/kaggle_deduplication/closed_curated_traink_3_valk_3_p4/best_model.pth
[Info] Saved config file: checkpoints/round_2/kaggle_deduplication/closed_curated_traink_3_valk_3_p4/config_leaderboard_exp.toml
[Info] Validating and computing ReID metrics...

Epoch 6 Summary:
Train Loss: 14.7252 | Val mAP: 0.4052 | Val pairAP: 0.3736 | Val Rank1: 0.8707 | Val SimGap: 0.2537
[Info] Saved checkpoint: checkpoints/round_2/kaggle_deduplication/closed_curated_traink_3_valk_3_p4/best_model.pth
[Info] Saved config file: checkpoints/round_2/kaggle_deduplication/closed_curated_traink_3_valk_3_p4/config_leaderboard_exp.toml
[Info] Validating and computing ReID metrics...

Epoch 7 Summary:
Train Loss: 14.4511 | Val mAP: 0.4072 | Val pairAP: 0.3777 | Val Rank1: 0.8741 | Val SimGap: 0.2574
[Info] Saved checkpoint: checkpoints/round_2/kaggle_deduplication/closed_curated_traink_3_valk_3_p4/best_model.pth
[Info] Saved config file: checkpoints/round_2/kaggle_deduplication/closed_curated_traink_3_valk_3_p4/config_leaderboard_exp.toml
[Info] Validating and computing ReID metrics...

Epoch 8 Summary:
Train Loss: 14.2688 | Val mAP: 0.4039 | Val pairAP: 0.3741 | Val Rank1: 0.8707 | Val SimGap: 0.2547
[Info] Validating and computing ReID metrics...

Epoch 9 Summary:
Train Loss: 14.0919 | Val mAP: 0.4046 | Val pairAP: 0.3756 | Val Rank1: 0.8707 | Val SimGap: 0.2583
[Info] Validating and computing ReID metrics...

Epoch 10 Summary:
Train Loss: 13.9987 | Val mAP: 0.4081 | Val pairAP: 0.3822 | Val Rank1: 0.8741 | Val SimGap: 0.2558
[Info] Saved checkpoint: checkpoints/round_2/kaggle_deduplication/closed_curated_traink_3_valk_3_p4/best_model.pth
[Info] Saved config file: checkpoints/round_2/kaggle_deduplication/closed_curated_traink_3_valk_3_p4/config_leaderboard_exp.toml
[Info] Validating and computing ReID metrics...

Epoch 11 Summary:
Train Loss: 13.9424 | Val mAP: 0.4104 | Val pairAP: 0.3891 | Val Rank1: 0.8741 | Val SimGap: 0.2627
[Info] Saved checkpoint: checkpoints/round_2/kaggle_deduplication/closed_curated_traink_3_valk_3_p4/best_model.pth
[Info] Saved config file: checkpoints/round_2/kaggle_deduplication/closed_curated_traink_3_valk_3_p4/config_leaderboard_exp.toml
[Info] Validating and computing ReID metrics...

Epoch 12 Summary:
Train Loss: 13.8105 | Val mAP: 0.4110 | Val pairAP: 0.3925 | Val Rank1: 0.8741 | Val SimGap: 0.2675
[Info] Saved checkpoint: checkpoints/round_2/kaggle_deduplication/closed_curated_traink_3_valk_3_p4/best_model.pth
[Info] Saved config file: checkpoints/round_2/kaggle_deduplication/closed_curated_traink_3_valk_3_p4/config_leaderboard_exp.toml
[Info] Validating and computing ReID metrics...

Epoch 13 Summary:
Train Loss: 13.7743 | Val mAP: 0.4063 | Val pairAP: 0.3880 | Val Rank1: 0.8707 | Val SimGap: 0.2593
[Info] Validating and computing ReID metrics...

Epoch 14 Summary:
Train Loss: 13.6772 | Val mAP: 0.4134 | Val pairAP: 0.3957 | Val Rank1: 0.8741 | Val SimGap: 0.2693
[Info] Saved checkpoint: checkpoints/round_2/kaggle_deduplication/closed_curated_traink_3_valk_3_p4/best_model.pth
[Info] Saved config file: checkpoints/round_2/kaggle_deduplication/closed_curated_traink_3_valk_3_p4/config_leaderboard_exp.toml
[Info] Validating and computing ReID metrics...

Epoch 15 Summary:
Train Loss: 13.7023 | Val mAP: 0.4132 | Val pairAP: 0.3935 | Val Rank1: 0.8741 | Val SimGap: 0.2671
[Info] Validating and computing ReID metrics...

Epoch 16 Summary:
Train Loss: 13.5755 | Val mAP: 0.4135 | Val pairAP: 0.4009 | Val Rank1: 0.8741 | Val SimGap: 0.2696
[Info] Saved checkpoint: checkpoints/round_2/kaggle_deduplication/closed_curated_traink_3_valk_3_p4/best_model.pth
[Info] Saved config file: checkpoints/round_2/kaggle_deduplication/closed_curated_traink_3_valk_3_p4/config_leaderboard_exp.toml
[Info] Validating and computing ReID metrics...

Epoch 17 Summary:
Train Loss: 13.4964 | Val mAP: 0.4131 | Val pairAP: 0.3982 | Val Rank1: 0.8810 | Val SimGap: 0.2670
[Info] Validating and computing ReID metrics...

Epoch 18 Summary:
Train Loss: 13.3567 | Val mAP: 0.4149 | Val pairAP: 0.4066 | Val Rank1: 0.8776 | Val SimGap: 0.2734
[Info] Saved checkpoint: checkpoints/round_2/kaggle_deduplication/closed_curated_traink_3_valk_3_p4/best_model.pth
[Info] Saved config file: checkpoints/round_2/kaggle_deduplication/closed_curated_traink_3_valk_3_p4/config_leaderboard_exp.toml
[Info] Validating and computing ReID metrics...

Epoch 19 Summary:
Train Loss: 13.3037 | Val mAP: 0.4129 | Val pairAP: 0.4038 | Val Rank1: 0.8741 | Val SimGap: 0.2716
[Info] Validating and computing ReID metrics...

Epoch 20 Summary:
Train Loss: 13.2001 | Val mAP: 0.4167 | Val pairAP: 0.4032 | Val Rank1: 0.8776 | Val SimGap: 0.2753
[Info] Saved checkpoint: checkpoints/round_2/kaggle_deduplication/closed_curated_traink_3_valk_3_p4/best_model.pth
[Info] Saved config file: checkpoints/round_2/kaggle_deduplication/closed_curated_traink_3_valk_3_p4/config_leaderboard_exp.toml
[Info] Validating and computing ReID metrics...

Epoch 21 Summary:
Train Loss: 13.2045 | Val mAP: 0.4153 | Val pairAP: 0.4032 | Val Rank1: 0.8810 | Val SimGap: 0.2691
[Info] Validating and computing ReID metrics...

Epoch 22 Summary:
Train Loss: 13.1609 | Val mAP: 0.4180 | Val pairAP: 0.4079 | Val Rank1: 0.8810 | Val SimGap: 0.2727
[Info] Saved checkpoint: checkpoints/round_2/kaggle_deduplication/closed_curated_traink_3_valk_3_p4/best_model.pth
[Info] Saved config file: checkpoints/round_2/kaggle_deduplication/closed_curated_traink_3_valk_3_p4/config_leaderboard_exp.toml
[Info] Validating and computing ReID metrics...

Epoch 23 Summary:
Train Loss: 13.0763 | Val mAP: 0.4124 | Val pairAP: 0.4013 | Val Rank1: 0.8707 | Val SimGap: 0.2671
[Info] Validating and computing ReID metrics...

Epoch 24 Summary:
Train Loss: 12.9897 | Val mAP: 0.4179 | Val pairAP: 0.4078 | Val Rank1: 0.8741 | Val SimGap: 0.2743
[Info] Validating and computing ReID metrics...

Epoch 25 Summary:
Train Loss: 12.9716 | Val mAP: 0.4200 | Val pairAP: 0.4158 | Val Rank1: 0.8776 | Val SimGap: 0.2806
[Info] Saved checkpoint: checkpoints/round_2/kaggle_deduplication/closed_curated_traink_3_valk_3_p4/best_model.pth
[Info] Saved config file: checkpoints/round_2/kaggle_deduplication/closed_curated_traink_3_valk_3_p4/config_leaderboard_exp.toml
[Info] Validating and computing ReID metrics...

Epoch 26 Summary:
Train Loss: 12.9426 | Val mAP: 0.4156 | Val pairAP: 0.4084 | Val Rank1: 0.8776 | Val SimGap: 0.2777
[Info] Validating and computing ReID metrics...

Epoch 27 Summary:
Train Loss: 12.7393 | Val mAP: 0.4200 | Val pairAP: 0.4112 | Val Rank1: 0.8741 | Val SimGap: 0.2778
[Info] Saved checkpoint: checkpoints/round_2/kaggle_deduplication/closed_curated_traink_3_valk_3_p4/best_model.pth
[Info] Saved config file: checkpoints/round_2/kaggle_deduplication/closed_curated_traink_3_valk_3_p4/config_leaderboard_exp.toml
[Info] Validating and computing ReID metrics...

Epoch 28 Summary:
Train Loss: 12.7427 | Val mAP: 0.4214 | Val pairAP: 0.4148 | Val Rank1: 0.8776 | Val SimGap: 0.2829
[Info] Saved checkpoint: checkpoints/round_2/kaggle_deduplication/closed_curated_traink_3_valk_3_p4/best_model.pth
[Info] Saved config file: checkpoints/round_2/kaggle_deduplication/closed_curated_traink_3_valk_3_p4/config_leaderboard_exp.toml
[Info] Validating and computing ReID metrics...

Epoch 29 Summary:
Train Loss: 12.7264 | Val mAP: 0.4216 | Val pairAP: 0.4216 | Val Rank1: 0.8776 | Val SimGap: 0.2792
[Info] Saved checkpoint: checkpoints/round_2/kaggle_deduplication/closed_curated_traink_3_valk_3_p4/best_model.pth
[Info] Saved config file: checkpoints/round_2/kaggle_deduplication/closed_curated_traink_3_valk_3_p4/config_leaderboard_exp.toml
[Info] Validating and computing ReID metrics...

Epoch 30 Summary:
Train Loss: 12.6487 | Val mAP: 0.4228 | Val pairAP: 0.4230 | Val Rank1: 0.8741 | Val SimGap: 0.2856
[Info] Saved checkpoint: checkpoints/round_2/kaggle_deduplication/closed_curated_traink_3_valk_3_p4/best_model.pth
[Info] Saved config file: checkpoints/round_2/kaggle_deduplication/closed_curated_traink_3_valk_3_p4/config_leaderboard_exp.toml
